<?xml version="1.0" encoding="UTF-8"?>
<testsuite name="StringUtilTest" tests="3" skipped="0" failures="0" errors="0" timestamp="2015-12-06T12:03:53" hostname="Melvinui-MacBook-Pro.local" time="0.002">
  <properties/>
  <testcase name="stringUtilTest" classname="StringUtilTest" time="0.001"/>
  <testcase name="stringUtilTest1" classname="StringUtilTest" time="0.0"/>
  <testcase name="stringUtilTest2" classname="StringUtilTest" time="0.0"/>
  <system-out><![CDATA[0012
00000350
00000000000010
]]></system-out>
  <system-err><![CDATA[]]></system-err>
</testsuite>
